2014-12-19 12:47:28,073 INFO: iCalOlin [in /home/phuston/Olin/iCalOlin/app/__init__.py:18]
2014-12-19 12:47:28,182 INFO: iCalOlin [in /home/phuston/Olin/iCalOlin/app/__init__.py:18]
2014-12-19 12:56:28,547 INFO: iCalOlin [in /home/phuston/Olin/iCalOlin/app/__init__.py:18]
2014-12-19 14:07:38,906 INFO: iCalOlin [in /home/phuston/Olin/iCalOlin/app/__init__.py:18]
2014-12-19 14:07:39,080 INFO: iCalOlin [in /home/phuston/Olin/iCalOlin/app/__init__.py:18]
2014-12-21 02:28:39,688 INFO: iCalOlin [in /home/phuston/Olin/iCalOlin/app/__init__.py:18]
2014-12-21 02:28:39,828 INFO: iCalOlin [in /home/phuston/Olin/iCalOlin/app/__init__.py:18]
2014-12-21 02:53:14,844 INFO: iCalOlin [in /home/phuston/Olin/iCalOlin/app/__init__.py:18]
2015-01-04 18:20:47,155 INFO: iCalOlin [in /home/phuston/Olin/iCalOlin/app/__init__.py:18]
2015-01-04 18:21:46,135 ERROR: Exception on / [GET] [in /home/phuston/Olin/iCalOlin/flask/local/lib/python2.7/site-packages/flask/app.py:1423]
Traceback (most recent call last):
  File "/home/phuston/Olin/iCalOlin/flask/local/lib/python2.7/site-packages/flask/app.py", line 1817, in wsgi_app
    response = self.full_dispatch_request()
  File "/home/phuston/Olin/iCalOlin/flask/local/lib/python2.7/site-packages/flask/app.py", line 1478, in full_dispatch_request
    response = self.make_response(rv)
  File "/home/phuston/Olin/iCalOlin/flask/local/lib/python2.7/site-packages/flask/app.py", line 1566, in make_response
    raise ValueError('View function did not return a response')
ValueError: View function did not return a response
2015-01-04 18:38:42,121 INFO: iCalOlin [in /home/phuston/Olin/iCalOlin/app/__init__.py:16]
2015-01-04 18:38:42,261 INFO: iCalOlin [in /home/phuston/Olin/iCalOlin/app/__init__.py:16]
2015-01-04 18:45:38,434 INFO: iCalOlin [in /home/phuston/Olin/iCalOlin/app/__init__.py:16]
2015-01-04 18:48:00,264 INFO: iCalOlin [in /home/phuston/Olin/iCalOlin/app/__init__.py:16]
2015-01-04 18:48:59,746 INFO: iCalOlin [in /home/phuston/Olin/iCalOlin/app/__init__.py:16]
2015-01-04 18:53:11,084 INFO: iCalOlin [in /home/phuston/Olin/iCalOlin/app/__init__.py:16]
2015-01-04 18:56:39,438 INFO: iCalOlin [in /home/phuston/Olin/iCalOlin/app/__init__.py:16]
2015-01-04 18:56:39,582 INFO: iCalOlin [in /home/phuston/Olin/iCalOlin/app/__init__.py:16]
2015-01-04 18:57:58,116 INFO: iCalOlin [in /home/phuston/Olin/iCalOlin/app/__init__.py:16]
2015-01-04 19:00:20,034 INFO: iCalOlin [in /home/phuston/Olin/iCalOlin/app/__init__.py:16]
2015-01-04 19:00:20,204 INFO: iCalOlin [in /home/phuston/Olin/iCalOlin/app/__init__.py:16]
2015-01-04 19:01:49,656 INFO: iCalOlin [in /home/phuston/Olin/iCalOlin/app/__init__.py:16]
2015-01-04 19:01:49,809 INFO: iCalOlin [in /home/phuston/Olin/iCalOlin/app/__init__.py:16]
2015-01-04 19:03:44,449 INFO: iCalOlin [in /home/phuston/Olin/iCalOlin/app/__init__.py:16]
2015-01-04 19:04:07,769 INFO: iCalOlin [in /home/phuston/Olin/iCalOlin/app/__init__.py:16]
2015-01-04 19:04:15,440 INFO: iCalOlin [in /home/phuston/Olin/iCalOlin/app/__init__.py:16]
2015-01-04 19:04:30,583 INFO: iCalOlin [in /home/phuston/Olin/iCalOlin/app/__init__.py:16]
2015-01-04 19:04:30,754 INFO: iCalOlin [in /home/phuston/Olin/iCalOlin/app/__init__.py:16]
2015-01-05 13:23:44,293 INFO: iCalOlin [in /home/phuston/Olin/iCalOlin/app/__init__.py:16]
2015-01-05 13:23:44,424 INFO: iCalOlin [in /home/phuston/Olin/iCalOlin/app/__init__.py:16]
2015-01-05 14:53:53,395 INFO: iCalOlin [in /home/phuston/Olin/iCalOlin/app/__init__.py:17]
2015-01-05 14:53:53,523 INFO: iCalOlin [in /home/phuston/Olin/iCalOlin/app/__init__.py:17]
2015-01-05 14:55:42,312 INFO: iCalOlin [in /home/phuston/Olin/iCalOlin/app/__init__.py:17]
2015-01-05 15:03:04,420 INFO: iCalOlin [in /home/phuston/Olin/iCalOlin/app/__init__.py:17]
2015-01-05 15:04:11,915 INFO: iCalOlin [in /home/phuston/Olin/iCalOlin/app/__init__.py:17]
2015-01-05 15:04:36,221 INFO: iCalOlin [in /home/phuston/Olin/iCalOlin/app/__init__.py:17]
2015-01-05 15:11:44,533 INFO: iCalOlin [in /home/phuston/Olin/iCalOlin/app/__init__.py:17]
2015-01-05 15:11:44,664 INFO: iCalOlin [in /home/phuston/Olin/iCalOlin/app/__init__.py:17]
2015-01-20 18:04:33,718 INFO: iCalOlin [in /home/phuston/Olin/iCalOlin/app/__init__.py:17]
2015-02-17 14:44:03,553 INFO: iCalOlin [in /home/phuston/Olin/iCalOlin/app/__init__.py:17]
2015-02-17 14:44:03,721 INFO: iCalOlin [in /home/phuston/Olin/iCalOlin/app/__init__.py:17]
2015-02-17 14:50:39,893 INFO: iCalOlin [in /home/phuston/Olin/iCalOlin/app/__init__.py:17]
2015-02-17 14:50:40,021 INFO: iCalOlin [in /home/phuston/Olin/iCalOlin/app/__init__.py:17]
2015-02-17 16:49:51,032 INFO: iCalOlin [in /home/phuston/Olin/iCalOlin/app/__init__.py:17]
2015-02-17 17:28:39,780 INFO: iCalOlin [in /home/phuston/Olin/iCalOlin/app/__init__.py:17]
2015-02-17 17:28:39,905 INFO: iCalOlin [in /home/phuston/Olin/iCalOlin/app/__init__.py:17]
2015-02-17 17:31:45,186 INFO: iCalOlin [in /home/phuston/Olin/iCalOlin/app/__init__.py:17]
2015-02-17 17:31:45,321 INFO: iCalOlin [in /home/phuston/Olin/iCalOlin/app/__init__.py:17]
2015-02-17 17:33:23,935 INFO: iCalOlin [in /home/phuston/Olin/iCalOlin/app/__init__.py:17]
2015-02-17 17:33:24,061 INFO: iCalOlin [in /home/phuston/Olin/iCalOlin/app/__init__.py:17]
2015-02-17 17:35:03,107 INFO: iCalOlin [in /home/phuston/Olin/iCalOlin/app/__init__.py:17]
2015-02-17 17:35:03,238 INFO: iCalOlin [in /home/phuston/Olin/iCalOlin/app/__init__.py:17]
